<?xml version="1.0" encoding="UTF-8"?>
<testsuite name="com.didispace.ApplicationTests" time="0" tests="2" errors="1" skipped="0" failures="0">
  <properties>
[...]
</properties>
  <testcase name="testFindAllDubboDemoDto" classname="com.didispace.ApplicationTests" time="0"/>
  <testcase name="testGetDubboDemoDto" classname="com.didispace.ApplicationTests" time="0">
    <error message="Forbid consumer 192.168.2.82 access service com.training.dubbo.service.DubboDemoService from registry 192.168.2.72:2181 use dubbo version 2.5.3, Please check registry access list (whitelist/blacklist)." type="com.alibaba.dubbo.rpc.RpcException">com.alibaba.dubbo.rpc.RpcException: Forbid consumer 192.168.2.82 access service com.training.dubbo.service.DubboDemoService from registry 192.168.2.72:2181 use dubbo version 2.5.3, Please check registry access list (whitelist/blacklist).
	at com.alibaba.dubbo.registry.integration.RegistryDirectory.doList(RegistryDirectory.java:579)
	at com.alibaba.dubbo.rpc.cluster.directory.AbstractDirectory.list(AbstractDirectory.java:73)
	at com.alibaba.dubbo.rpc.cluster.support.AbstractClusterInvoker.list(AbstractClusterInvoker.java:260)
	at com.alibaba.dubbo.rpc.cluster.support.AbstractClusterInvoker.invoke(AbstractClusterInvoker.java:219)
	at com.alibaba.dubbo.rpc.cluster.support.wrapper.MockClusterInvoker.invoke(MockClusterInvoker.java:72)
	at com.alibaba.dubbo.rpc.proxy.InvokerInvocationHandler.invoke(InvokerInvocationHandler.java:52)
	at com.alibaba.dubbo.common.bytecode.proxy0.getDubboDemoDto(proxy0.java)
	at com.didispace.ApplicationTests.testGetDubboDemoDto(ApplicationTests.java:25)
</error>
    <system-out><![CDATA[2016-11-30 16:26:29.240 DEBUG 2140 --- [           main] o.s.test.annotation.ProfileValueUtils    : Retrieved @ProfileValueSourceConfiguration [null] for test class [com.didispace.ApplicationTests]
2016-11-30 16:26:29.240 DEBUG 2140 --- [           main] o.s.test.annotation.ProfileValueUtils    : Retrieved ProfileValueSource type [class org.springframework.test.annotation.SystemProfileValueSource] for class [com.didispace.ApplicationTests]
2016-11-30 16:26:29.240 DEBUG 2140 --- [           main] DependencyInjectionTestExecutionListener : Performing dependency injection for test context [[DefaultTestContext@6d1014 testClass = ApplicationTests, testInstance = com.didispace.ApplicationTests@b6b8f6, testMethod = [null], testException = [null], mergedContextConfiguration = [MergedContextConfiguration@707e36 testClass = ApplicationTests, locations = '{}', classes = '{class com.didispace.Application}', contextInitializerClasses = '[]', activeProfiles = '{}', propertySourceLocations = '{}', propertySourceProperties = '{}', contextLoader = 'org.springframework.boot.test.SpringApplicationContextLoader', parent = [null]]]].
2016-11-30 16:26:29.240 DEBUG 2140 --- [           main] c.DefaultCacheAwareContextLoaderDelegate : Retrieved ApplicationContext from cache with key [[MergedContextConfiguration@707e36 testClass = ApplicationTests, locations = '{}', classes = '{class com.didispace.Application}', contextInitializerClasses = '[]', activeProfiles = '{}', propertySourceLocations = '{}', propertySourceProperties = '{}', contextLoader = 'org.springframework.boot.test.SpringApplicationContextLoader', parent = [null]]]
2016-11-30 16:26:29.240 DEBUG 2140 --- [           main] org.springframework.test.context.cache   : Spring test ApplicationContext cache statistics: [DefaultContextCache@11dee39 size = 1, parentContextCount = 0, hitCount = 1, missCount = 1]
2016-11-30 16:26:29.240 DEBUG 2140 --- [           main] o.s.b.f.annotation.InjectionMetadata     : Processing injected element of bean 'com.didispace.ApplicationTests': AutowiredFieldElement for com.training.dubbo.service.DubboDemoService com.didispace.ApplicationTests.dubboDemoService
2016-11-30 16:26:29.255 DEBUG 2140 --- [           main] o.s.b.f.s.DefaultListableBeanFactory     : Returning cached instance of singleton bean 'dubboDemoService'
2016-11-30 16:26:29.255 DEBUG 2140 --- [           main] tractDirtiesContextTestExecutionListener : Before test method: context [DefaultTestContext@6d1014 testClass = ApplicationTests, testInstance = com.didispace.ApplicationTests@b6b8f6, testMethod = testGetDubboDemoDto@ApplicationTests, testException = [null], mergedContextConfiguration = [MergedContextConfiguration@707e36 testClass = ApplicationTests, locations = '{}', classes = '{class com.didispace.Application}', contextInitializerClasses = '[]', activeProfiles = '{}', propertySourceLocations = '{}', propertySourceProperties = '{}', contextLoader = 'org.springframework.boot.test.SpringApplicationContextLoader', parent = [null]]], class annotated with @DirtiesContext [false] with mode [null], method annotated with @DirtiesContext [false] with mode [null].
2016-11-30 16:26:29.255 DEBUG 2140 --- [           main] tractDirtiesContextTestExecutionListener : After test method: context [DefaultTestContext@6d1014 testClass = ApplicationTests, testInstance = com.didispace.ApplicationTests@b6b8f6, testMethod = testGetDubboDemoDto@ApplicationTests, testException = com.alibaba.dubbo.rpc.RpcException: Forbid consumer 192.168.2.82 access service com.training.dubbo.service.DubboDemoService from registry 192.168.2.72:2181 use dubbo version 2.5.3, Please check registry access list (whitelist/blacklist)., mergedContextConfiguration = [MergedContextConfiguration@707e36 testClass = ApplicationTests, locations = '{}', classes = '{class com.didispace.Application}', contextInitializerClasses = '[]', activeProfiles = '{}', propertySourceLocations = '{}', propertySourceProperties = '{}', contextLoader = 'org.springframework.boot.test.SpringApplicationContextLoader', parent = [null]]], class annotated with @DirtiesContext [false] with mode [null], method annotated with @DirtiesContext [false] with mode [null].
]]></system-out>
  </testcase>
</testsuite>